[11 Apr 2021 01:50:56.816] [main/INFO] [com.sunflow.logging.Log/]: starting 2D Game
[11 Apr 2021 01:50:58.200] [main/INFO] [com.sunflow.logging.Log/]: 1209
[11 Apr 2021 01:50:58.200] [main/INFO] [com.sunflow.logging.Log/]: Found Datasets: 60000
[11 Apr 2021 01:51:09.060] [AWT-EventQueue-0/DEBUG] [com.sunflow.logging.Log/]: I am now learning!
[11 Apr 2021 01:51:09.060] [AWT-EventQueue-0/INFO] [com.sunflow.logging.Log/]: Learning steps: 0
[11 Apr 2021 01:51:12.137] [AWT-EventQueue-0/INFO] [com.sunflow.logging.Log/]: Learning steps: 1500
[11 Apr 2021 01:51:15.913] [AWT-EventQueue-0/INFO] [com.sunflow.logging.Log/]: Learning steps: 5500
[11 Apr 2021 01:51:56.850] [AWT-EventQueue-0/INFO] [com.sunflow.logging.Log/]: Learning steps: 52000
[11 Apr 2021 01:51:58.337] [AWT-EventQueue-0/INFO] [com.sunflow.logging.Log/]: Learning steps: 53500
[11 Apr 2021 01:52:06.529] [AWT-EventQueue-0/INFO] [com.sunflow.logging.Log/]: Learning steps: 63000
[11 Apr 2021 01:52:07.889] [AWT-EventQueue-0/INFO] [com.sunflow.logging.Log/]: Learning steps: 64500
[11 Apr 2021 01:52:09.105] [AWT-EventQueue-0/INFO] [com.sunflow.logging.Log/]: Learning steps: 66000
[11 Apr 2021 01:52:10.209] [AWT-EventQueue-0/INFO] [com.sunflow.logging.Log/]: Learning steps: 67500
[11 Apr 2021 01:52:11.185] [AWT-EventQueue-0/INFO] [com.sunflow.logging.Log/]: Learning steps: 68500
[11 Apr 2021 01:52:12.025] [AWT-EventQueue-0/INFO] [com.sunflow.logging.Log/]: Learning steps: 69500
[11 Apr 2021 01:52:12.913] [AWT-EventQueue-0/INFO] [com.sunflow.logging.Log/]: Learning steps: 70500
[11 Apr 2021 01:53:10.481] [AWT-EventQueue-0/INFO] [com.sunflow.logging.Log/]: Learning steps: 136000
[11 Apr 2021 01:54:08.425] [AWT-EventQueue-0/INFO] [com.sunflow.logging.Log/]: Learning steps: 203000
[11 Apr 2021 01:54:10.858] [AWT-EventQueue-0/INFO] [com.sunflow.logging.Log/]: Learning steps: 205500
[11 Apr 2021 01:54:14.369] [AWT-EventQueue-0/INFO] [com.sunflow.logging.Log/]: Learning steps: 209500
[11 Apr 2021 01:54:18.241] [AWT-EventQueue-0/INFO] [com.sunflow.logging.Log/]: Learning steps: 214000
[11 Apr 2021 01:54:21.785] [AWT-EventQueue-0/INFO] [com.sunflow.logging.Log/]: Learning steps: 218000
[11 Apr 2021 01:54:27.418] [AWT-EventQueue-0/INFO] [com.sunflow.logging.Log/]: Learning steps: 224500
[11 Apr 2021 02:50:47.721] [AWT-EventQueue-0/INFO] [com.sunflow.logging.Log/]: Learning steps: 4094500
[11 Apr 2021 02:50:49.971] [AWT-EventQueue-0/INFO] [com.sunflow.logging.Log/]: Learning steps: 4097500
[11 Apr 2021 02:50:51.684] [AWT-EventQueue-0/INFO] [com.sunflow.logging.Log/]: Learning steps: 4099000
[11 Apr 2021 02:50:53.739] [AWT-EventQueue-0/INFO] [com.sunflow.logging.Log/]: Learning steps: 4101500
[11 Apr 2021 02:50:54.820] [AWT-EventQueue-0/INFO] [com.sunflow.logging.Log/]: Learning steps: 4103000
[11 Apr 2021 02:50:56.260] [AWT-EventQueue-0/INFO] [com.sunflow.logging.Log/]: Learning steps: 4104500
[11 Apr 2021 02:50:59.084] [AWT-EventQueue-0/DEBUG] [com.sunflow.logging.Log/]: I am now not learning!
[11 Apr 2021 02:51:25.097] [AWT-EventQueue-0/DEBUG] [com.sunflow.logging.Log/]: I am now learning!
[11 Apr 2021 02:51:25.098] [AWT-EventQueue-0/INFO] [com.sunflow.logging.Log/]: Learning steps: 4108000
[11 Apr 2021 02:51:26.764] [AWT-EventQueue-0/INFO] [com.sunflow.logging.Log/]: Learning steps: 4109500
[11 Apr 2021 02:51:27.731] [AWT-EventQueue-0/INFO] [com.sunflow.logging.Log/]: Learning steps: 4111000
[11 Apr 2021 02:51:28.138] [AWT-EventQueue-0/DEBUG] [com.sunflow.logging.Log/]: I am now not learning!
